<?xml version="1.0" encoding="UTF-8"?>
<!-- Generated by org.testng.reporters.JUnitReportReporter -->
<testsuite hostname="Goothy_Sandeep" failures="0" tests="1" name="test.Selenium" time="9.163" errors="0" timestamp="2024-01-12T11:36:19 IST" skipped="0">
  <testcase classname="test.Selenium" name="Flipcart" time="9.163"/>
  <system-out/>
</testsuite> <!-- test.Selenium -->
