<?xml version="1.0" encoding="UTF-8"?>
<!-- Generated by org.testng.reporters.JUnitReportReporter -->
<testsuite hostname="LAPTOP-MTGNT260" failures="0" tests="1" name="Selenium" time="6.087" errors="0" timestamp="2023-12-26T13:06:42 IST" skipped="0">
  <testcase classname="Selenium" name="Flipcart" time="6.087"/>
</testsuite> <!-- Selenium -->
