<?xml version="1.0" encoding="UTF-8"?>
<!-- Generated by org.testng.reporters.JUnitReportReporter -->
<testsuite hostname="Goothy_Sandeep" failures="0" tests="1" name="Sandeep.tests.Errorvalidation" time="6.170" errors="0" timestamp="2024-08-06T10:13:38 IST" skipped="0">
  <testcase classname="Sandeep.tests.Errorvalidation" name="submitOrder" time="6.170"/>
  <system-out/>
</testsuite> <!-- Sandeep.tests.Errorvalidation -->
