<?xml version="1.0" encoding="UTF-8"?>
<!-- Generated by org.testng.reporters.JUnitReportReporter -->
<testsuite hostname="Goothy_Sandeep" failures="0" tests="1" name="Sandeep.tests.SubmitOrdertest" time="8.884" errors="0" timestamp="2024-08-06T10:17:46 IST" skipped="0">
  <testcase classname="Sandeep.tests.SubmitOrdertest" name="submitOrder" time="8.884"/>
  <system-out/>
</testsuite> <!-- Sandeep.tests.SubmitOrdertest -->
